-- The C compiler identification is GNU 9.4.0
-- The CXX compiler identification is GNU 9.4.0
-- Check for working C compiler: /usr/bin/cc
-- Check for working C compiler: /usr/bin/cc -- works
-- Detecting C compiler ABI info
-- Detecting C compiler ABI info - done
-- Detecting C compile features
-- Detecting C compile features - done
-- Check for working CXX compiler: /usr/bin/c++
-- Check for working CXX compiler: /usr/bin/c++ -- works
-- Detecting CXX compiler ABI info
-- Detecting CXX compiler ABI info - done
-- Detecting CXX compile features
-- Detecting CXX compile features - done
-- Found rmw: 1.0.3 (/opt/ros/foxy/share/rmw/cmake)
-- Found PythonInterp: /usr/bin/python3 (found suitable version "3.8.10", minimum required is "3") 
-- Using PYTHON_EXECUTABLE: /usr/bin/python3
-- Found rclcpp: 2.4.2 (/opt/ros/foxy/share/rclcpp/cmake)
-- Using all available rosidl_typesupport_c: rosidl_typesupport_fastrtps_c;rosidl_typesupport_introspection_c
-- Found rosidl_adapter: 1.3.0 (/opt/ros/foxy/share/rosidl_adapter/cmake)
-- Found OpenSSL: /usr/lib/x86_64-linux-gnu/libcrypto.so (found version "1.1.1f")  
-- Found FastRTPS: /opt/ros/foxy/include  
-- Using all available rosidl_typesupport_cpp: rosidl_typesupport_fastrtps_cpp;rosidl_typesupport_introspection_cpp
-- Found rmw_implementation_cmake: 1.0.3 (/opt/ros/foxy/share/rmw_implementation_cmake/cmake)
-- Using RMW implementation 'rmw_fastrtps_cpp' as default
-- Looking for pthread.h
-- Looking for pthread.h - found
-- Performing Test CMAKE_HAVE_LIBC_PTHREAD
-- Performing Test CMAKE_HAVE_LIBC_PTHREAD - Failed
-- Looking for pthread_create in pthreads
-- Looking for pthread_create in pthreads - not found
-- Looking for pthread_create in pthread
-- Looking for pthread_create in pthread - found
-- Found Threads: TRUE  
-- Found PkgConfig: /usr/bin/pkg-config (found version "0.29.1") 
-- Checking for module 'roscpp'
--   Found roscpp, version 1.16.0
-- Checking for module 'std_msgs'
--   Found std_msgs, version 0.5.13
-- Checking for module 'actionlib'
--   Found actionlib, version 1.14.0
-- Checking for module 'actionlib_msgs'
--   Found actionlib_msgs, version 1.13.1
-- Checking for module 'actionlib_tutorials'
--   Found actionlib_tutorials, version 0.2.0
-- Checking for module 'bond'
--   Found bond, version 1.8.6
-- Checking for module 'control_msgs'
--   Found control_msgs, version 1.5.2
-- Checking for module 'controller_manager_msgs'
--   Found controller_manager_msgs, version 0.19.6
-- Checking for module 'diagnostic_msgs'
--   Found diagnostic_msgs, version 1.13.1
-- Checking for module 'dynamic_reconfigure'
--   Found dynamic_reconfigure, version 1.7.3
-- Checking for module 'gazebo_msgs'
--   Found gazebo_msgs, version 2.9.2
-- Checking for module 'geometry_msgs'
--   Found geometry_msgs, version 1.13.1
-- Checking for module 'map_msgs'
--   Found map_msgs, version 1.14.1
-- Checking for module 'moveit_msgs'
--   Found moveit_msgs, version 0.11.4
-- Checking for module 'nav_msgs'
--   Found nav_msgs, version 1.13.1
-- Checking for module 'object_recognition_msgs'
--   Found object_recognition_msgs, version 0.4.2
-- Checking for module 'octomap_msgs'
--   Found octomap_msgs, version 0.3.5
