[1.196s] Invoking command in '/home/bonato/Documents/Optitrack_ROS2/ros2_ws/src/optitrack_publisher': PYTHONPATH=/home/bonato/Documents/Optitrack_ROS2/ros2_ws/build/my_package/prefix_override:/home/bonato/Documents/Optitrack_ROS2/ros2_ws/install/my_package/lib/python3.8/site-packages:${PYTHONPATH} /usr/bin/python3 setup.py egg_info --egg-base ../../build/my_package build --build-base /home/bonato/Documents/Optitrack_ROS2/ros2_ws/build/my_package/build install --record /home/bonato/Documents/Optitrack_ROS2/ros2_ws/build/my_package/install.log --install-scripts $base/lib/my_package --single-version-externally-managed
[1.460s] running egg_info
[1.460s] writing ../../build/my_package/my_package.egg-info/PKG-INFO
[1.461s] writing dependency_links to ../../build/my_package/my_package.egg-info/dependency_links.txt
[1.461s] writing entry points to ../../build/my_package/my_package.egg-info/entry_points.txt
[1.461s] writing requirements to ../../build/my_package/my_package.egg-info/requires.txt
[1.461s] writing top-level names to ../../build/my_package/my_package.egg-info/top_level.txt
[1.500s] reading manifest file '../../build/my_package/my_package.egg-info/SOURCES.txt'
[1.501s] writing manifest file '../../build/my_package/my_package.egg-info/SOURCES.txt'
[1.501s] running build
[1.501s] running build_py
[1.501s] running install
[1.502s] running install_lib
[1.504s] running install_data
[1.504s] running install_egg_info
[1.506s] removing '/home/bonato/Documents/Optitrack_ROS2/ros2_ws/install/my_package/lib/python3.8/site-packages/my_package-0.0.0-py3.8.egg-info' (and everything under it)
[1.506s] Copying ../../build/my_package/my_package.egg-info to /home/bonato/Documents/Optitrack_ROS2/ros2_ws/install/my_package/lib/python3.8/site-packages/my_package-0.0.0-py3.8.egg-info
[1.507s] running install_scripts
[1.524s] writing list of installed files to '/home/bonato/Documents/Optitrack_ROS2/ros2_ws/build/my_package/install.log'
[1.545s] Invoked command in '/home/bonato/Documents/Optitrack_ROS2/ros2_ws/src/optitrack_publisher' returned '0': PYTHONPATH=/home/bonato/Documents/Optitrack_ROS2/ros2_ws/build/my_package/prefix_override:/home/bonato/Documents/Optitrack_ROS2/ros2_ws/install/my_package/lib/python3.8/site-packages:${PYTHONPATH} /usr/bin/python3 setup.py egg_info --egg-base ../../build/my_package build --build-base /home/bonato/Documents/Optitrack_ROS2/ros2_ws/build/my_package/build install --record /home/bonato/Documents/Optitrack_ROS2/ros2_ws/build/my_package/install.log --install-scripts $base/lib/my_package --single-version-externally-managed
