[0.471s] DEBUG:colcon:Command line arguments: ['/usr/bin/colcon', 'build', '--symlink-install', '--packages-select', 'ros1_bridge', '--cmake-force-configure']
[0.471s] DEBUG:colcon:Parsed command line arguments: Namespace(allow_overriding=[], ament_cmake_args=None, base_paths=['.'], build_base='build', catkin_cmake_args=None, catkin_skip_building_tests=False, cmake_args=None, cmake_clean_cache=False, cmake_clean_first=False, cmake_force_configure=True, cmake_target=None, cmake_target_skip_unavailable=False, continue_on_error=False, event_handlers=None, executor='parallel', ignore_user_meta=False, install_base='install', log_base=None, log_level=None, main=<bound method BuildVerb.main of <colcon_core.verb.build.BuildVerb object at 0x7f89c1b79a00>>, merge_install=False, metas=['./colcon.meta'], packages_above=None, packages_above_and_dependencies=None, packages_above_depth=None, packages_end=None, packages_ignore=None, packages_ignore_regex=None, packages_select=['ros1_bridge'], packages_select_build_failed=False, packages_select_by_dep=None, packages_select_regex=None, packages_select_test_failures=False, packages_skip=None, packages_skip_build_finished=False, packages_skip_by_dep=None, packages_skip_regex=None, packages_skip_test_passed=False, packages_skip_up_to=None, packages_start=None, packages_up_to=None, packages_up_to_regex=None, parallel_workers=8, paths=None, symlink_install=True, test_result_base=None, verb_extension=<colcon_core.verb.build.BuildVerb object at 0x7f89c1b79a00>, verb_name='build', verb_parser=<colcon_defaults.argument_parser.defaults.DefaultArgumentsDecorator object at 0x7f89c1b79f70>)
[0.508s] Level 1:colcon.colcon_core.package_discovery:discover_packages(colcon_meta) check parameters
[0.508s] Level 1:colcon.colcon_core.package_discovery:discover_packages(recursive) check parameters
[0.508s] Level 1:colcon.colcon_core.package_discovery:discover_packages(ignore) check parameters
[0.508s] Level 1:colcon.colcon_core.package_discovery:discover_packages(path) check parameters
[0.508s] Level 1:colcon.colcon_core.package_discovery:discover_packages(colcon_meta) discover
[0.509s] Level 1:colcon.colcon_core.package_discovery:discover_packages(recursive) discover
[0.509s] INFO:colcon.colcon_core.package_discovery:Crawling recursively for packages in '/home/bonato/Documents/Ros2_ws'
[0.509s] Level 1:colcon.colcon_core.package_identification:_identify(.) by extensions ['ignore', 'ignore_ament_install']
[0.509s] Level 1:colcon.colcon_core.package_identification:_identify(.) by extension 'ignore'
[0.509s] Level 1:colcon.colcon_core.package_identification:_identify(.) by extension 'ignore_ament_install'
[0.509s] Level 1:colcon.colcon_core.package_identification:_identify(.) by extensions ['colcon_pkg']
[0.509s] Level 1:colcon.colcon_core.package_identification:_identify(.) by extension 'colcon_pkg'
[0.509s] Level 1:colcon.colcon_core.package_identification:_identify(.) by extensions ['colcon_meta']
[0.509s] Level 1:colcon.colcon_core.package_identification:_identify(.) by extension 'colcon_meta'
[0.509s] Level 1:colcon.colcon_core.package_identification:_identify(.) by extensions ['ros']
[0.510s] Level 1:colcon.colcon_core.package_identification:_identify(.) by extension 'ros'
[0.535s] Level 1:colcon.colcon_core.package_identification:_identify(.) by extensions ['cmake', 'python']
[0.535s] Level 1:colcon.colcon_core.package_identification:_identify(.) by extension 'cmake'
[0.535s] Level 1:colcon.colcon_core.package_identification:_identify(.) by extension 'python'
[0.535s] Level 1:colcon.colcon_core.package_identification:_identify(.) by extensions ['python_setup_py']
[0.535s] Level 1:colcon.colcon_core.package_identification:_identify(.) by extension 'python_setup_py'
[0.536s] Level 1:colcon.colcon_core.package_identification:_identify(build) by extensions ['ignore', 'ignore_ament_install']
[0.536s] Level 1:colcon.colcon_core.package_identification:_identify(build) by extension 'ignore'
[0.536s] Level 1:colcon.colcon_core.package_identification:_identify(build) ignored
[0.536s] Level 1:colcon.colcon_core.package_identification:_identify(install) by extensions ['ignore', 'ignore_ament_install']
[0.536s] Level 1:colcon.colcon_core.package_identification:_identify(install) by extension 'ignore'
[0.536s] Level 1:colcon.colcon_core.package_identification:_identify(install) ignored
[0.536s] Level 1:colcon.colcon_core.package_identification:_identify(log) by extensions ['ignore', 'ignore_ament_install']
[0.536s] Level 1:colcon.colcon_core.package_identification:_identify(log) by extension 'ignore'
[0.536s] Level 1:colcon.colcon_core.package_identification:_identify(log) ignored
[0.536s] Level 1:colcon.colcon_core.package_identification:_identify(src) by extensions ['ignore', 'ignore_ament_install']
[0.536s] Level 1:colcon.colcon_core.package_identification:_identify(src) by extension 'ignore'
[0.537s] Level 1:colcon.colcon_core.package_identification:_identify(src) by extension 'ignore_ament_install'
[0.537s] Level 1:colcon.colcon_core.package_identification:_identify(src) by extensions ['colcon_pkg']
[0.537s] Level 1:colcon.colcon_core.package_identification:_identify(src) by extension 'colcon_pkg'
[0.537s] Level 1:colcon.colcon_core.package_identification:_identify(src) by extensions ['colcon_meta']
[0.537s] Level 1:colcon.colcon_core.package_identification:_identify(src) by extension 'colcon_meta'
[0.537s] Level 1:colcon.colcon_core.package_identification:_identify(src) by extensions ['ros']
[0.537s] Level 1:colcon.colcon_core.package_identification:_identify(src) by extension 'ros'
[0.537s] Level 1:colcon.colcon_core.package_identification:_identify(src) by extensions ['cmake', 'python']
[0.537s] Level 1:colcon.colcon_core.package_identification:_identify(src) by extension 'cmake'
[0.537s] Level 1:colcon.colcon_core.package_identification:_identify(src) by extension 'python'
[0.537s] Level 1:colcon.colcon_core.package_identification:_identify(src) by extensions ['python_setup_py']
[0.537s] Level 1:colcon.colcon_core.package_identification:_identify(src) by extension 'python_setup_py'
[0.537s] Level 1:colcon.colcon_core.package_identification:_identify(src/ros1_bridge) by extensions ['ignore', 'ignore_ament_install']
[0.537s] Level 1:colcon.colcon_core.package_identification:_identify(src/ros1_bridge) by extension 'ignore'
[0.538s] Level 1:colcon.colcon_core.package_identification:_identify(src/ros1_bridge) by extension 'ignore_ament_install'
[0.538s] Level 1:colcon.colcon_core.package_identification:_identify(src/ros1_bridge) by extensions ['colcon_pkg']
[0.538s] Level 1:colcon.colcon_core.package_identification:_identify(src/ros1_bridge) by extension 'colcon_pkg'
[0.538s] Level 1:colcon.colcon_core.package_identification:_identify(src/ros1_bridge) by extensions ['colcon_meta']
[0.538s] Level 1:colcon.colcon_core.package_identification:_identify(src/ros1_bridge) by extension 'colcon_meta'
[0.538s] Level 1:colcon.colcon_core.package_identification:_identify(src/ros1_bridge) by extensions ['ros']
[0.538s] Level 1:colcon.colcon_core.package_identification:_identify(src/ros1_bridge) by extension 'ros'
[0.541s] DEBUG:colcon.colcon_core.package_identification:Package 'src/ros1_bridge' with type 'ros.ament_cmake' and name 'ros1_bridge'
[0.542s] Level 1:colcon.colcon_core.package_discovery:discover_packages(recursive) using defaults
[0.542s] Level 1:colcon.colcon_core.package_discovery:discover_packages(ignore) discover
[0.542s] Level 1:colcon.colcon_core.package_discovery:discover_packages(ignore) using defaults
[0.542s] Level 1:colcon.colcon_core.package_discovery:discover_packages(path) discover
[0.542s] Level 1:colcon.colcon_core.package_discovery:discover_packages(path) using defaults
[0.568s] Level 1:colcon.colcon_core.package_discovery:discover_packages(prefix_path) check parameters
[0.568s] Level 1:colcon.colcon_core.package_discovery:discover_packages(prefix_path) discover
[0.573s] DEBUG:colcon.colcon_installed_package_information.package_discovery:Found 258 installed packages in /opt/ros/foxy
[0.576s] DEBUG:colcon.colcon_installed_package_information.package_discovery:Found 1 installed packages in /opt/ros/noetic
[0.576s] Level 1:colcon.colcon_core.package_discovery:discover_packages(prefix_path) using defaults
[0.673s] Level 5:colcon.colcon_core.verb:set package 'ros1_bridge' build argument 'cmake_args' from command line to 'None'
[0.673s] Level 5:colcon.colcon_core.verb:set package 'ros1_bridge' build argument 'cmake_target' from command line to 'None'
[0.673s] Level 5:colcon.colcon_core.verb:set package 'ros1_bridge' build argument 'cmake_target_skip_unavailable' from command line to 'False'
[0.673s] Level 5:colcon.colcon_core.verb:set package 'ros1_bridge' build argument 'cmake_clean_cache' from command line to 'False'
[0.673s] Level 5:colcon.colcon_core.verb:set package 'ros1_bridge' build argument 'cmake_clean_first' from command line to 'False'
[0.673s] Level 5:colcon.colcon_core.verb:set package 'ros1_bridge' build argument 'cmake_force_configure' from command line to 'True'
[0.673s] Level 5:colcon.colcon_core.verb:set package 'ros1_bridge' build argument 'ament_cmake_args' from command line to 'None'
[0.673s] Level 5:colcon.colcon_core.verb:set package 'ros1_bridge' build argument 'catkin_cmake_args' from command line to 'None'
[0.673s] Level 5:colcon.colcon_core.verb:set package 'ros1_bridge' build argument 'catkin_skip_building_tests' from command line to 'False'
[0.673s] DEBUG:colcon.colcon_core.verb:Building package 'ros1_bridge' with the following arguments: {'ament_cmake_args': None, 'build_base': '/home/bonato/Documents/Ros2_ws/build/ros1_bridge', 'catkin_cmake_args': None, 'catkin_skip_building_tests': False, 'cmake_args': None, 'cmake_clean_cache': False, 'cmake_clean_first': False, 'cmake_force_configure': True, 'cmake_target': None, 'cmake_target_skip_unavailable': False, 'install_base': '/home/bonato/Documents/Ros2_ws/install/ros1_bridge', 'merge_install': False, 'path': '/home/bonato/Documents/Ros2_ws/src/ros1_bridge', 'symlink_install': True, 'test_result_base': None}
[0.674s] INFO:colcon.colcon_core.executor:Executing jobs using 'parallel' executor
[0.679s] DEBUG:colcon.colcon_parallel_executor.executor.parallel:run_until_complete
[0.679s] INFO:colcon.colcon_ros.task.ament_cmake.build:Building ROS package in '/home/bonato/Documents/Ros2_ws/src/ros1_bridge' with build type 'ament_cmake'
[0.680s] INFO:colcon.colcon_cmake.task.cmake.build:Building CMake package in '/home/bonato/Documents/Ros2_ws/src/ros1_bridge'
[0.686s] INFO:colcon.colcon_core.plugin_system:Skipping extension 'colcon_core.shell.bat': Not used on non-Windows systems
[0.686s] INFO:colcon.colcon_core.shell:Skip shell extension 'powershell' for command environment: Not usable outside of PowerShell
[0.686s] DEBUG:colcon.colcon_core.shell:Skip shell extension 'dsv' for command environment
[0.703s] DEBUG:colcon.colcon_core.event_handler.log_command:Invoking command in '/home/bonato/Documents/Ros2_ws/build/ros1_bridge': CMAKE_PREFIX_PATH=/opt/ros/foxy:${CMAKE_PREFIX_PATH} /usr/bin/cmake /home/bonato/Documents/Ros2_ws/src/ros1_bridge -DAMENT_CMAKE_SYMLINK_INSTALL=1 -DCMAKE_INSTALL_PREFIX=/home/bonato/Documents/Ros2_ws/install/ros1_bridge
[11.268s] DEBUG:colcon.colcon_core.event_handler.log_command:Invoked command in '/home/bonato/Documents/Ros2_ws/build/ros1_bridge' returned '0': CMAKE_PREFIX_PATH=/opt/ros/foxy:${CMAKE_PREFIX_PATH} /usr/bin/cmake /home/bonato/Documents/Ros2_ws/src/ros1_bridge -DAMENT_CMAKE_SYMLINK_INSTALL=1 -DCMAKE_INSTALL_PREFIX=/home/bonato/Documents/Ros2_ws/install/ros1_bridge
[11.270s] DEBUG:colcon.colcon_core.event_handler.log_command:Invoking command in '/home/bonato/Documents/Ros2_ws/build/ros1_bridge': CMAKE_PREFIX_PATH=/opt/ros/foxy:${CMAKE_PREFIX_PATH} /usr/bin/cmake --build /home/bonato/Documents/Ros2_ws/build/ros1_bridge -- -j8 -l8
[879.629s] DEBUG:colcon.colcon_core.event_handler.log_command:Invoked command in '/home/bonato/Documents/Ros2_ws/build/ros1_bridge' returned '0': CMAKE_PREFIX_PATH=/opt/ros/foxy:${CMAKE_PREFIX_PATH} /usr/bin/cmake --build /home/bonato/Documents/Ros2_ws/build/ros1_bridge -- -j8 -l8
[880.239s] DEBUG:colcon.colcon_core.event_handler.log_command:Invoking command in '/home/bonato/Documents/Ros2_ws/build/ros1_bridge': CMAKE_PREFIX_PATH=/opt/ros/foxy:${CMAKE_PREFIX_PATH} /usr/bin/cmake --install /home/bonato/Documents/Ros2_ws/build/ros1_bridge
[880.789s] Level 1:colcon.colcon_core.environment:create_environment_scripts_only(ros1_bridge)
[880.795s] Level 1:colcon.colcon_core.environment:checking '/home/bonato/Documents/Ros2_ws/install/ros1_bridge' for CMake module files
[880.796s] DEBUG:colcon.colcon_core.event_handler.log_command:Invoked command in '/home/bonato/Documents/Ros2_ws/build/ros1_bridge' returned '0': CMAKE_PREFIX_PATH=/opt/ros/foxy:${CMAKE_PREFIX_PATH} /usr/bin/cmake --install /home/bonato/Documents/Ros2_ws/build/ros1_bridge
[880.797s] Level 1:colcon.colcon_core.environment:checking '/home/bonato/Documents/Ros2_ws/install/ros1_bridge' for CMake config files
[880.797s] Level 1:colcon.colcon_core.shell:create_environment_hook('ros1_bridge', 'cmake_prefix_path')
[880.798s] INFO:colcon.colcon_core.shell:Creating environment hook '/home/bonato/Documents/Ros2_ws/install/ros1_bridge/share/ros1_bridge/hook/cmake_prefix_path.ps1'
[880.799s] INFO:colcon.colcon_core.shell:Creating environment descriptor '/home/bonato/Documents/Ros2_ws/install/ros1_bridge/share/ros1_bridge/hook/cmake_prefix_path.dsv'
[880.800s] INFO:colcon.colcon_core.shell:Creating environment hook '/home/bonato/Documents/Ros2_ws/install/ros1_bridge/share/ros1_bridge/hook/cmake_prefix_path.sh'
[880.801s] Level 1:colcon.colcon_core.environment:checking '/home/bonato/Documents/Ros2_ws/install/ros1_bridge/lib'
[880.801s] Level 1:colcon.colcon_core.shell:create_environment_hook('ros1_bridge', 'ld_library_path_lib')
[880.803s] INFO:colcon.colcon_core.shell:Creating environment hook '/home/bonato/Documents/Ros2_ws/install/ros1_bridge/share/ros1_bridge/hook/ld_library_path_lib.ps1'
[880.804s] INFO:colcon.colcon_core.shell:Creating environment descriptor '/home/bonato/Documents/Ros2_ws/install/ros1_bridge/share/ros1_bridge/hook/ld_library_path_lib.dsv'
[880.804s] INFO:colcon.colcon_core.shell:Creating environment hook '/home/bonato/Documents/Ros2_ws/install/ros1_bridge/share/ros1_bridge/hook/ld_library_path_lib.sh'
[880.804s] Level 1:colcon.colcon_core.environment:checking '/home/bonato/Documents/Ros2_ws/install/ros1_bridge/bin'
[880.804s] Level 1:colcon.colcon_core.environment:checking '/home/bonato/Documents/Ros2_ws/install/ros1_bridge/lib/pkgconfig/ros1_bridge.pc'
[880.805s] Level 1:colcon.colcon_core.environment:checking '/home/bonato/Documents/Ros2_ws/install/ros1_bridge/lib/python3.8/site-packages'
[880.805s] Level 1:colcon.colcon_core.shell:create_environment_hook('ros1_bridge', 'pythonpath')
[880.807s] INFO:colcon.colcon_core.shell:Creating environment hook '/home/bonato/Documents/Ros2_ws/install/ros1_bridge/share/ros1_bridge/hook/pythonpath.ps1'
[880.807s] INFO:colcon.colcon_core.shell:Creating environment descriptor '/home/bonato/Documents/Ros2_ws/install/ros1_bridge/share/ros1_bridge/hook/pythonpath.dsv'
[880.808s] INFO:colcon.colcon_core.shell:Creating environment hook '/home/bonato/Documents/Ros2_ws/install/ros1_bridge/share/ros1_bridge/hook/pythonpath.sh'
[880.808s] Level 1:colcon.colcon_core.environment:checking '/home/bonato/Documents/Ros2_ws/install/ros1_bridge/bin'
[880.810s] INFO:colcon.colcon_core.shell:Creating package script '/home/bonato/Documents/Ros2_ws/install/ros1_bridge/share/ros1_bridge/package.ps1'
[880.810s] INFO:colcon.colcon_core.shell:Creating package descriptor '/home/bonato/Documents/Ros2_ws/install/ros1_bridge/share/ros1_bridge/package.dsv'
[880.811s] INFO:colcon.colcon_core.shell:Creating package script '/home/bonato/Documents/Ros2_ws/install/ros1_bridge/share/ros1_bridge/package.sh'
[880.811s] INFO:colcon.colcon_core.shell:Creating package script '/home/bonato/Documents/Ros2_ws/install/ros1_bridge/share/ros1_bridge/package.bash'
[880.812s] INFO:colcon.colcon_core.shell:Creating package script '/home/bonato/Documents/Ros2_ws/install/ros1_bridge/share/ros1_bridge/package.zsh'
[880.812s] Level 1:colcon.colcon_core.environment:create_file_with_runtime_dependencies(/home/bonato/Documents/Ros2_ws/install/ros1_bridge/share/colcon-core/packages/ros1_bridge)
[881.409s] Level 1:colcon.colcon_core.environment:create_environment_scripts_only(ros1_bridge)
[881.412s] Level 1:colcon.colcon_core.environment:checking '/home/bonato/Documents/Ros2_ws/install/ros1_bridge' for CMake module files
[881.413s] Level 1:colcon.colcon_core.environment:checking '/home/bonato/Documents/Ros2_ws/install/ros1_bridge' for CMake config files
[881.414s] Level 1:colcon.colcon_core.shell:create_environment_hook('ros1_bridge', 'cmake_prefix_path')
[881.416s] INFO:colcon.colcon_core.shell:Creating environment hook '/home/bonato/Documents/Ros2_ws/install/ros1_bridge/share/ros1_bridge/hook/cmake_prefix_path.ps1'
[881.416s] INFO:colcon.colcon_core.shell:Creating environment descriptor '/home/bonato/Documents/Ros2_ws/install/ros1_bridge/share/ros1_bridge/hook/cmake_prefix_path.dsv'
[881.417s] INFO:colcon.colcon_core.shell:Creating environment hook '/home/bonato/Documents/Ros2_ws/install/ros1_bridge/share/ros1_bridge/hook/cmake_prefix_path.sh'
[881.417s] Level 1:colcon.colcon_core.environment:checking '/home/bonato/Documents/Ros2_ws/install/ros1_bridge/lib'
[881.418s] Level 1:colcon.colcon_core.shell:create_environment_hook('ros1_bridge', 'ld_library_path_lib')
[881.420s] INFO:colcon.colcon_core.shell:Creating environment hook '/home/bonato/Documents/Ros2_ws/install/ros1_bridge/share/ros1_bridge/hook/ld_library_path_lib.ps1'
[881.420s] INFO:colcon.colcon_core.shell:Creating environment descriptor '/home/bonato/Documents/Ros2_ws/install/ros1_bridge/share/ros1_bridge/hook/ld_library_path_lib.dsv'
[881.421s] INFO:colcon.colcon_core.shell:Creating environment hook '/home/bonato/Documents/Ros2_ws/install/ros1_bridge/share/ros1_bridge/hook/ld_library_path_lib.sh'
[881.421s] Level 1:colcon.colcon_core.environment:checking '/home/bonato/Documents/Ros2_ws/install/ros1_bridge/bin'
[881.421s] Level 1:colcon.colcon_core.environment:checking '/home/bonato/Documents/Ros2_ws/install/ros1_bridge/lib/pkgconfig/ros1_bridge.pc'
[881.422s] Level 1:colcon.colcon_core.environment:checking '/home/bonato/Documents/Ros2_ws/install/ros1_bridge/lib/python3.8/site-packages'
[881.422s] Level 1:colcon.colcon_core.shell:create_environment_hook('ros1_bridge', 'pythonpath')
[881.424s] INFO:colcon.colcon_core.shell:Creating environment hook '/home/bonato/Documents/Ros2_ws/install/ros1_bridge/share/ros1_bridge/hook/pythonpath.ps1'
[881.424s] INFO:colcon.colcon_core.shell:Creating environment descriptor '/home/bonato/Documents/Ros2_ws/install/ros1_bridge/share/ros1_bridge/hook/pythonpath.dsv'
[881.425s] INFO:colcon.colcon_core.shell:Creating environment hook '/home/bonato/Documents/Ros2_ws/install/ros1_bridge/share/ros1_bridge/hook/pythonpath.sh'
[881.425s] Level 1:colcon.colcon_core.environment:checking '/home/bonato/Documents/Ros2_ws/install/ros1_bridge/bin'
[881.427s] INFO:colcon.colcon_core.shell:Creating package script '/home/bonato/Documents/Ros2_ws/install/ros1_bridge/share/ros1_bridge/package.ps1'
[881.428s] INFO:colcon.colcon_core.shell:Creating package descriptor '/home/bonato/Documents/Ros2_ws/install/ros1_bridge/share/ros1_bridge/package.dsv'
[881.429s] INFO:colcon.colcon_core.shell:Creating package script '/home/bonato/Documents/Ros2_ws/install/ros1_bridge/share/ros1_bridge/package.sh'
[881.430s] INFO:colcon.colcon_core.shell:Creating package script '/home/bonato/Documents/Ros2_ws/install/ros1_bridge/share/ros1_bridge/package.bash'
[881.430s] INFO:colcon.colcon_core.shell:Creating package script '/home/bonato/Documents/Ros2_ws/install/ros1_bridge/share/ros1_bridge/package.zsh'
[881.431s] Level 1:colcon.colcon_core.environment:create_file_with_runtime_dependencies(/home/bonato/Documents/Ros2_ws/install/ros1_bridge/share/colcon-core/packages/ros1_bridge)
[881.431s] DEBUG:colcon.colcon_parallel_executor.executor.parallel:closing loop
[881.431s] DEBUG:colcon.colcon_parallel_executor.executor.parallel:loop closed
[881.432s] DEBUG:colcon.colcon_parallel_executor.executor.parallel:run_until_complete finished with '0'
[881.432s] DEBUG:colcon.colcon_core.event_reactor:joining thread
[881.438s] INFO:colcon.colcon_core.plugin_system:Skipping extension 'colcon_notification.desktop_notification.terminal_notifier': Not used on non-Darwin systems
[881.438s] INFO:colcon.colcon_core.plugin_system:Skipping extension 'colcon_notification.desktop_notification.win32': Not used on non-Windows systems
[881.439s] INFO:colcon.colcon_notification.desktop_notification:Sending desktop notification using 'notify2'
[881.464s] DEBUG:colcon.colcon_core.event_reactor:joined thread
[881.466s] INFO:colcon.colcon_core.shell:Creating prefix script '/home/bonato/Documents/Ros2_ws/install/local_setup.ps1'
[881.468s] INFO:colcon.colcon_core.shell:Creating prefix util module '/home/bonato/Documents/Ros2_ws/install/_local_setup_util_ps1.py'
[881.469s] INFO:colcon.colcon_core.shell:Creating prefix chain script '/home/bonato/Documents/Ros2_ws/install/setup.ps1'
[881.471s] INFO:colcon.colcon_core.shell:Creating prefix script '/home/bonato/Documents/Ros2_ws/install/local_setup.sh'
[881.472s] INFO:colcon.colcon_core.shell:Creating prefix util module '/home/bonato/Documents/Ros2_ws/install/_local_setup_util_sh.py'
[881.472s] INFO:colcon.colcon_core.shell:Creating prefix chain script '/home/bonato/Documents/Ros2_ws/install/setup.sh'
[881.474s] INFO:colcon.colcon_core.shell:Creating prefix script '/home/bonato/Documents/Ros2_ws/install/local_setup.bash'
[881.475s] INFO:colcon.colcon_core.shell:Creating prefix chain script '/home/bonato/Documents/Ros2_ws/install/setup.bash'
[881.477s] INFO:colcon.colcon_core.shell:Creating prefix script '/home/bonato/Documents/Ros2_ws/install/local_setup.zsh'
[881.477s] INFO:colcon.colcon_core.shell:Creating prefix chain script '/home/bonato/Documents/Ros2_ws/install/setup.zsh'
