[0.017s] Invoking command in '/home/bonato/Documents/Ros2_ws/build/ros1_bridge': CMAKE_PREFIX_PATH=/opt/ros/foxy:${CMAKE_PREFIX_PATH} /usr/bin/cmake /home/bonato/Documents/Ros2_ws/src/ros1_bridge -DAMENT_CMAKE_SYMLINK_INSTALL=1 -DCMAKE_INSTALL_PREFIX=/home/bonato/Documents/Ros2_ws/install/ros1_bridge
[0.072s] -- Found rmw: 1.0.3 (/opt/ros/foxy/share/rmw/cmake)
[0.096s] -- Found PythonInterp: /usr/bin/python3 (found suitable version "3.8.10", minimum required is "3") 
[0.096s] -- Using PYTHON_EXECUTABLE: /usr/bin/python3
[0.277s] -- Override CMake install command with custom implementation using symlinks instead of copying resources
[0.320s] -- Found rclcpp: 2.4.2 (/opt/ros/foxy/share/rclcpp/cmake)
[0.349s] -- Using all available rosidl_typesupport_c: rosidl_typesupport_fastrtps_c;rosidl_typesupport_introspection_c
[0.355s] -- Found rosidl_adapter: 1.3.0 (/opt/ros/foxy/share/rosidl_adapter/cmake)
[0.497s] -- Using all available rosidl_typesupport_cpp: rosidl_typesupport_fastrtps_cpp;rosidl_typesupport_introspection_cpp
[0.554s] -- Found rmw_implementation_cmake: 1.0.3 (/opt/ros/foxy/share/rmw_implementation_cmake/cmake)
[0.556s] -- Using RMW implementation 'rmw_fastrtps_cpp' as default
[1.267s] -- Found ament_lint_auto: 0.9.7 (/opt/ros/foxy/share/ament_lint_auto/cmake)
[1.268s] -- Found diagnostic_msgs: 2.0.5 (/opt/ros/foxy/share/diagnostic_msgs/cmake)
[1.388s] -- Found python_cmake_module: 0.8.1 (/opt/ros/foxy/share/python_cmake_module/cmake)
[1.406s] -- Found PythonInterp: /usr/bin/python3 (found suitable version "3.8.10", minimum required is "3.5") 
[1.409s] -- Using PYTHON_EXECUTABLE: /usr/bin/python3
[1.409s] -- Using PYTHON_INCLUDE_DIRS: /usr/include/python3.8
[1.409s] -- Using PYTHON_LIBRARIES: /usr/lib/x86_64-linux-gnu/libpython3.8.so
[1.442s] -- Added test 'copyright' to check source files copyright and LICENSE
[1.450s] -- Added test 'cppcheck' to perform static code analysis on C / C++ code
[1.450s] -- Configured cppcheck include dirs: 
[1.450s] -- Configured cppcheck exclude dirs and/or files: 
[1.454s] -- Added test 'cpplint' to check C / C++ code against the Google style
[1.454s] -- Configured cpplint exclude dirs and/or files: 
[1.455s] -- Added test 'flake8' to check Python code syntax and style conventions
[1.456s] -- Added test 'lint_cmake' to check CMake code style
[1.457s] -- Added test 'pep257' to check Python code against some of the style conventions in PEP 257
[1.461s] -- Added test 'uncrustify' to check C / C++ code style
[1.461s] -- Configured uncrustify additional arguments: 
[1.462s] -- Added test 'xmllint' to check XML markup files
[1.511s] -- Found action_msgs: 1.0.0 (/opt/ros/foxy/share/action_msgs/cmake)
[1.563s] -- Found action_tutorials_interfaces: 0.9.4 (/opt/ros/foxy/share/action_tutorials_interfaces/cmake)
[1.599s] -- Found actionlib_msgs: 2.0.5 (/opt/ros/foxy/share/actionlib_msgs/cmake)
[1.599s] -- Found builtin_interfaces: 1.0.0 (/opt/ros/foxy/share/builtin_interfaces/cmake)
[1.633s] -- Found composition_interfaces: 1.0.0 (/opt/ros/foxy/share/composition_interfaces/cmake)
[1.633s] -- Found diagnostic_msgs: 2.0.5 (/opt/ros/foxy/share/diagnostic_msgs/cmake)
[1.687s] -- Found example_interfaces: 0.9.1 (/opt/ros/foxy/share/example_interfaces/cmake)
[1.721s] -- Found geometry_msgs: 2.0.5 (/opt/ros/foxy/share/geometry_msgs/cmake)
[1.915s] -- Found lgsvl_msgs: 0.0.4 (/opt/ros/foxy/share/lgsvl_msgs/cmake)
[1.916s] -- Found libstatistics_collector: 1.0.1 (/opt/ros/foxy/share/libstatistics_collector/cmake)
[1.928s] -- Found lifecycle_msgs: 1.0.0 (/opt/ros/foxy/share/lifecycle_msgs/cmake)
[1.940s] -- Found logging_demo: 0.9.4 (/opt/ros/foxy/share/logging_demo/cmake)
[2.180s] -- Found map_msgs: 2.0.2 (/opt/ros/foxy/share/map_msgs/cmake)
[2.180s] -- Found nav_msgs: 2.0.5 (/opt/ros/foxy/share/nav_msgs/cmake)
[2.284s] -- Found pcl_msgs: 1.0.0 (/opt/ros/foxy/share/pcl_msgs/cmake)
[2.300s] -- Found pendulum_msgs: 0.9.4 (/opt/ros/foxy/share/pendulum_msgs/cmake)
[2.300s] -- Found rcl_interfaces: 1.0.0 (/opt/ros/foxy/share/rcl_interfaces/cmake)
[2.315s] -- Found rmw_dds_common: 1.0.3 (/opt/ros/foxy/share/rmw_dds_common/cmake)
[2.315s] -- Found rosgraph_msgs: 1.0.0 (/opt/ros/foxy/share/rosgraph_msgs/cmake)
[2.315s] -- Found sensor_msgs: 2.0.5 (/opt/ros/foxy/share/sensor_msgs/cmake)
[2.374s] -- Found shape_msgs: 2.0.5 (/opt/ros/foxy/share/shape_msgs/cmake)
[2.374s] -- Found statistics_msgs: 1.0.0 (/opt/ros/foxy/share/statistics_msgs/cmake)
[2.374s] -- Found std_msgs: 2.0.5 (/opt/ros/foxy/share/std_msgs/cmake)
[2.387s] -- Found std_srvs: 2.0.5 (/opt/ros/foxy/share/std_srvs/cmake)
[2.492s] -- Found stereo_msgs: 2.0.5 (/opt/ros/foxy/share/stereo_msgs/cmake)
[2.615s] -- Found tf2_msgs: 0.13.13 (/opt/ros/foxy/share/tf2_msgs/cmake)
[2.681s] -- Found trajectory_msgs: 2.0.5 (/opt/ros/foxy/share/trajectory_msgs/cmake)
[2.731s] -- Found turtlesim: 1.2.6 (/opt/ros/foxy/share/turtlesim/cmake)
[2.732s] -- Found unique_identifier_msgs: 2.1.3 (/opt/ros/foxy/share/unique_identifier_msgs/cmake)
[2.799s] -- Found visualization_msgs: 2.0.5 (/opt/ros/foxy/share/visualization_msgs/cmake)
[3.057s] -- Configuring done
[3.359s] -- Generating done
[3.364s] -- Build files have been written to: /home/bonato/Documents/Ros2_ws/build/ros1_bridge
[3.376s] Invoked command in '/home/bonato/Documents/Ros2_ws/build/ros1_bridge' returned '0': CMAKE_PREFIX_PATH=/opt/ros/foxy:${CMAKE_PREFIX_PATH} /usr/bin/cmake /home/bonato/Documents/Ros2_ws/src/ros1_bridge -DAMENT_CMAKE_SYMLINK_INSTALL=1 -DCMAKE_INSTALL_PREFIX=/home/bonato/Documents/Ros2_ws/install/ros1_bridge
[3.379s] Invoking command in '/home/bonato/Documents/Ros2_ws/build/ros1_bridge': CMAKE_PREFIX_PATH=/opt/ros/foxy:${CMAKE_PREFIX_PATH} /usr/bin/cmake --build /home/bonato/Documents/Ros2_ws/build/ros1_bridge -- -j8 -l8
[3.462s] [  1%] Built target test_ros1_server
[3.468s] [  1%] Built target test_ros1_client
[3.476s] [  2%] Built target test_ros2_client_cpp
[3.478s] [  2%] Built target simple_bridge_1_to_2
[3.480s] [  3%] Built target simple_bridge_2_to_1
[3.480s] [  4%] Built target test_ros2_server_cpp
[3.485s] [  5%] Built target simple_bridge
[4.122s] [ 98%] Built target ros1_bridge
[4.152s] [100%] Built target parameter_bridge
[4.153s] [100%] Built target static_bridge
[4.158s] [100%] Built target dynamic_bridge
[4.170s] Invoked command in '/home/bonato/Documents/Ros2_ws/build/ros1_bridge' returned '0': CMAKE_PREFIX_PATH=/opt/ros/foxy:${CMAKE_PREFIX_PATH} /usr/bin/cmake --build /home/bonato/Documents/Ros2_ws/build/ros1_bridge -- -j8 -l8
[4.669s] Invoking command in '/home/bonato/Documents/Ros2_ws/build/ros1_bridge': CMAKE_PREFIX_PATH=/opt/ros/foxy:${CMAKE_PREFIX_PATH} /usr/bin/cmake --install /home/bonato/Documents/Ros2_ws/build/ros1_bridge
[4.676s] -- Install configuration: ""
[4.678s] -- Execute custom install script
[4.678s] -- Up-to-date symlink: /home/bonato/Documents/Ros2_ws/install/ros1_bridge/share/ros1_bridge/environment/library_path.sh
[4.678s] -- Up-to-date symlink: /home/bonato/Documents/Ros2_ws/install/ros1_bridge/share/ros1_bridge/environment/library_path.dsv
[4.678s] -- Up-to-date symlink: /home/bonato/Documents/Ros2_ws/install/ros1_bridge/share/ros1_bridge/environment/pythonpath.sh
[4.678s] -- Up-to-date symlink: /home/bonato/Documents/Ros2_ws/install/ros1_bridge/share/ros1_bridge/environment/pythonpath.dsv
[4.679s] -- Up-to-date symlink: /home/bonato/Documents/Ros2_ws/install/ros1_bridge/lib/python3.8/site-packages/ros1_bridge/__init__.py
[4.679s] -- Up-to-date symlink: /home/bonato/Documents/Ros2_ws/install/ros1_bridge/share/ament_index/resource_index/package_run_dependencies/ros1_bridge
[4.679s] -- Up-to-date symlink: /home/bonato/Documents/Ros2_ws/install/ros1_bridge/share/ament_index/resource_index/parent_prefix_path/ros1_bridge
[4.680s] -- Up-to-date symlink: /home/bonato/Documents/Ros2_ws/install/ros1_bridge/share/ros1_bridge/environment/ament_prefix_path.sh
[4.680s] -- Up-to-date symlink: /home/bonato/Documents/Ros2_ws/install/ros1_bridge/share/ros1_bridge/environment/ament_prefix_path.dsv
[4.680s] -- Up-to-date symlink: /home/bonato/Documents/Ros2_ws/install/ros1_bridge/share/ros1_bridge/environment/path.sh
[4.680s] -- Up-to-date symlink: /home/bonato/Documents/Ros2_ws/install/ros1_bridge/share/ros1_bridge/environment/path.dsv
[4.681s] -- Up-to-date symlink: /home/bonato/Documents/Ros2_ws/install/ros1_bridge/share/ros1_bridge/local_setup.bash
[4.681s] -- Up-to-date symlink: /home/bonato/Documents/Ros2_ws/install/ros1_bridge/share/ros1_bridge/local_setup.sh
[4.681s] -- Up-to-date symlink: /home/bonato/Documents/Ros2_ws/install/ros1_bridge/share/ros1_bridge/local_setup.zsh
[4.681s] -- Up-to-date symlink: /home/bonato/Documents/Ros2_ws/install/ros1_bridge/share/ros1_bridge/local_setup.dsv
[4.682s] -- Symlinking: /home/bonato/Documents/Ros2_ws/install/ros1_bridge/share/ros1_bridge/package.dsv
[4.690s] -- Up-to-date symlink: /home/bonato/Documents/Ros2_ws/install/ros1_bridge/share/ament_index/resource_index/packages/ros1_bridge
[4.690s] -- Up-to-date symlink: /home/bonato/Documents/Ros2_ws/install/ros1_bridge/share/ros1_bridge/cmake/find_ros1_package.cmake
[4.691s] -- Up-to-date symlink: /home/bonato/Documents/Ros2_ws/install/ros1_bridge/share/ros1_bridge/cmake/find_ros1_interface_packages.cmake
[4.691s] -- Up-to-date symlink: /home/bonato/Documents/Ros2_ws/install/ros1_bridge/share/ros1_bridge/cmake/ament_cmake_export_include_directories-extras.cmake
[4.691s] -- Up-to-date symlink: /home/bonato/Documents/Ros2_ws/install/ros1_bridge/share/ros1_bridge/cmake/ament_cmake_export_libraries-extras.cmake
[4.692s] -- Up-to-date symlink: /home/bonato/Documents/Ros2_ws/install/ros1_bridge/share/ros1_bridge/cmake/ros1_bridgeConfig.cmake
[4.692s] -- Up-to-date symlink: /home/bonato/Documents/Ros2_ws/install/ros1_bridge/share/ros1_bridge/cmake/ros1_bridgeConfig-version.cmake
[4.692s] -- Up-to-date symlink: /home/bonato/Documents/Ros2_ws/install/ros1_bridge/share/ros1_bridge/package.xml
[4.693s] -- Up-to-date symlink: /home/bonato/Documents/Ros2_ws/install/ros1_bridge/lib/ros1_bridge/simple_bridge_1_to_2
[4.693s] -- Up-to-date symlink: /home/bonato/Documents/Ros2_ws/install/ros1_bridge/lib/ros1_bridge/simple_bridge_2_to_1
[4.694s] -- Up-to-date symlink: /home/bonato/Documents/Ros2_ws/install/ros1_bridge/lib/ros1_bridge/simple_bridge
[4.694s] -- Up-to-date symlink: /home/bonato/Documents/Ros2_ws/install/ros1_bridge/lib/libros1_bridge.so
[4.694s] -- Up-to-date symlink: /home/bonato/Documents/Ros2_ws/install/ros1_bridge/lib/ros1_bridge/static_bridge
[4.695s] -- Up-to-date symlink: /home/bonato/Documents/Ros2_ws/install/ros1_bridge/lib/ros1_bridge/parameter_bridge
[4.695s] -- Up-to-date symlink: /home/bonato/Documents/Ros2_ws/install/ros1_bridge/lib/ros1_bridge/dynamic_bridge
[4.696s] -- Up-to-date symlink: /home/bonato/Documents/Ros2_ws/install/ros1_bridge/lib/ros1_bridge/test_ros2_client_cpp
[4.696s] -- Up-to-date symlink: /home/bonato/Documents/Ros2_ws/install/ros1_bridge/lib/ros1_bridge/test_ros2_server_cpp
[4.697s] -- Up-to-date symlink: /home/bonato/Documents/Ros2_ws/install/ros1_bridge/lib/ros1_bridge/generate_factories/ros1_bridge_generate_factories
[4.697s] -- Up-to-date symlink: /home/bonato/Documents/Ros2_ws/install/ros1_bridge/share/ros1_bridge/cmake/find_ros1_interface_packages.cmake
[4.698s] -- Up-to-date symlink: /home/bonato/Documents/Ros2_ws/install/ros1_bridge/share/ros1_bridge/cmake/find_ros1_package.cmake
[4.698s] -- Up-to-date symlink: /home/bonato/Documents/Ros2_ws/install/ros1_bridge/include/ros1_bridge/bridge.hpp
[4.699s] -- Up-to-date symlink: /home/bonato/Documents/Ros2_ws/install/ros1_bridge/include/ros1_bridge/builtin_interfaces_factories.hpp
[4.699s] -- Up-to-date symlink: /home/bonato/Documents/Ros2_ws/install/ros1_bridge/include/ros1_bridge/convert_builtin_interfaces.hpp
[4.699s] -- Up-to-date symlink: /home/bonato/Documents/Ros2_ws/install/ros1_bridge/include/ros1_bridge/convert_decl.hpp
[4.699s] -- Up-to-date symlink: /home/bonato/Documents/Ros2_ws/install/ros1_bridge/include/ros1_bridge/factory.hpp
[4.699s] -- Up-to-date symlink: /home/bonato/Documents/Ros2_ws/install/ros1_bridge/include/ros1_bridge/factory_interface.hpp
[4.700s] -- Up-to-date symlink: /home/bonato/Documents/Ros2_ws/install/ros1_bridge/share/ros1_bridge/resource/get_factory.cpp.em
[4.700s] -- Up-to-date symlink: /home/bonato/Documents/Ros2_ws/install/ros1_bridge/share/ros1_bridge/resource/get_mappings.cpp.em
[4.700s] -- Up-to-date symlink: /home/bonato/Documents/Ros2_ws/install/ros1_bridge/share/ros1_bridge/resource/interface_factories.cpp.em
[4.701s] -- Up-to-date symlink: /home/bonato/Documents/Ros2_ws/install/ros1_bridge/share/ros1_bridge/resource/pkg_factories.cpp.em
[4.701s] -- Up-to-date symlink: /home/bonato/Documents/Ros2_ws/install/ros1_bridge/share/ros1_bridge/resource/pkg_factories.hpp.em
[4.726s] Listing '/home/bonato/Documents/Ros2_ws/install/ros1_bridge/lib/python3.8/site-packages/ros1_bridge'...
[4.731s] Invoked command in '/home/bonato/Documents/Ros2_ws/build/ros1_bridge' returned '0': CMAKE_PREFIX_PATH=/opt/ros/foxy:${CMAKE_PREFIX_PATH} /usr/bin/cmake --install /home/bonato/Documents/Ros2_ws/build/ros1_bridge
