[3.023s] DEBUG:colcon:Command line arguments: ['/usr/bin/colcon', 'build']
[3.023s] DEBUG:colcon:Parsed command line arguments: Namespace(allow_overriding=[], ament_cmake_args=None, base_paths=['.'], build_base='build', catkin_cmake_args=None, catkin_skip_building_tests=False, cmake_args=None, cmake_clean_cache=False, cmake_clean_first=False, cmake_force_configure=False, cmake_target=None, cmake_target_skip_unavailable=False, continue_on_error=False, event_handlers=None, executor='parallel', ignore_user_meta=False, install_base='install', log_base=None, log_level=None, main=<bound method BuildVerb.main of <colcon_core.verb.build.BuildVerb object at 0x7f9a16e50370>>, merge_install=False, metas=['./colcon.meta'], packages_above=None, packages_above_and_dependencies=None, packages_above_depth=None, packages_end=None, packages_ignore=None, packages_ignore_regex=None, packages_select=None, packages_select_build_failed=False, packages_select_by_dep=None, packages_select_regex=None, packages_select_test_failures=False, packages_skip=None, packages_skip_build_finished=False, packages_skip_by_dep=None, packages_skip_regex=None, packages_skip_test_passed=False, packages_skip_up_to=None, packages_start=None, packages_up_to=None, packages_up_to_regex=None, parallel_workers=8, paths=None, symlink_install=False, test_result_base=None, verb_extension=<colcon_core.verb.build.BuildVerb object at 0x7f9a16e50370>, verb_name='build', verb_parser=<colcon_defaults.argument_parser.defaults.DefaultArgumentsDecorator object at 0x7f9a16a5fc10>)
[3.141s] Level 1:colcon.colcon_core.package_discovery:discover_packages(colcon_meta) check parameters
[3.141s] Level 1:colcon.colcon_core.package_discovery:discover_packages(recursive) check parameters
[3.141s] Level 1:colcon.colcon_core.package_discovery:discover_packages(ignore) check parameters
[3.141s] Level 1:colcon.colcon_core.package_discovery:discover_packages(path) check parameters
[3.141s] Level 1:colcon.colcon_core.package_discovery:discover_packages(colcon_meta) discover
[3.141s] Level 1:colcon.colcon_core.package_discovery:discover_packages(recursive) discover
[3.141s] INFO:colcon.colcon_core.package_discovery:Crawling recursively for packages in '/home/bonato/Documents/Optitrack_ROS2/ros2_ws'
[3.141s] Level 1:colcon.colcon_core.package_identification:_identify(.) by extensions ['ignore', 'ignore_ament_install']
[3.142s] Level 1:colcon.colcon_core.package_identification:_identify(.) by extension 'ignore'
[3.142s] Level 1:colcon.colcon_core.package_identification:_identify(.) by extension 'ignore_ament_install'
[3.142s] Level 1:colcon.colcon_core.package_identification:_identify(.) by extensions ['colcon_pkg']
[3.142s] Level 1:colcon.colcon_core.package_identification:_identify(.) by extension 'colcon_pkg'
[3.142s] Level 1:colcon.colcon_core.package_identification:_identify(.) by extensions ['colcon_meta']
[3.142s] Level 1:colcon.colcon_core.package_identification:_identify(.) by extension 'colcon_meta'
[3.142s] Level 1:colcon.colcon_core.package_identification:_identify(.) by extensions ['ros']
[3.142s] Level 1:colcon.colcon_core.package_identification:_identify(.) by extension 'ros'
[3.152s] Level 1:colcon.colcon_core.package_identification:_identify(.) by extensions ['cmake', 'python']
[3.153s] Level 1:colcon.colcon_core.package_identification:_identify(.) by extension 'cmake'
[3.153s] Level 1:colcon.colcon_core.package_identification:_identify(.) by extension 'python'
[3.153s] Level 1:colcon.colcon_core.package_identification:_identify(.) by extensions ['python_setup_py']
[3.153s] Level 1:colcon.colcon_core.package_identification:_identify(.) by extension 'python_setup_py'
[3.153s] Level 1:colcon.colcon_core.package_identification:_identify(build) by extensions ['ignore', 'ignore_ament_install']
[3.153s] Level 1:colcon.colcon_core.package_identification:_identify(build) by extension 'ignore'
[3.153s] Level 1:colcon.colcon_core.package_identification:_identify(build) ignored
[3.153s] Level 1:colcon.colcon_core.package_identification:_identify(docker) by extensions ['ignore', 'ignore_ament_install']
[3.153s] Level 1:colcon.colcon_core.package_identification:_identify(docker) by extension 'ignore'
[3.153s] Level 1:colcon.colcon_core.package_identification:_identify(docker) by extension 'ignore_ament_install'
[3.153s] Level 1:colcon.colcon_core.package_identification:_identify(docker) by extensions ['colcon_pkg']
[3.153s] Level 1:colcon.colcon_core.package_identification:_identify(docker) by extension 'colcon_pkg'
[3.154s] Level 1:colcon.colcon_core.package_identification:_identify(docker) by extensions ['colcon_meta']
[3.154s] Level 1:colcon.colcon_core.package_identification:_identify(docker) by extension 'colcon_meta'
[3.154s] Level 1:colcon.colcon_core.package_identification:_identify(docker) by extensions ['ros']
[3.154s] Level 1:colcon.colcon_core.package_identification:_identify(docker) by extension 'ros'
[3.154s] Level 1:colcon.colcon_core.package_identification:_identify(docker) by extensions ['cmake', 'python']
[3.154s] Level 1:colcon.colcon_core.package_identification:_identify(docker) by extension 'cmake'
[3.154s] Level 1:colcon.colcon_core.package_identification:_identify(docker) by extension 'python'
[3.154s] Level 1:colcon.colcon_core.package_identification:_identify(docker) by extensions ['python_setup_py']
[3.154s] Level 1:colcon.colcon_core.package_identification:_identify(docker) by extension 'python_setup_py'
[3.154s] Level 1:colcon.colcon_core.package_identification:_identify(install) by extensions ['ignore', 'ignore_ament_install']
[3.154s] Level 1:colcon.colcon_core.package_identification:_identify(install) by extension 'ignore'
[3.154s] Level 1:colcon.colcon_core.package_identification:_identify(install) ignored
[3.154s] Level 1:colcon.colcon_core.package_identification:_identify(log) by extensions ['ignore', 'ignore_ament_install']
[3.155s] Level 1:colcon.colcon_core.package_identification:_identify(log) by extension 'ignore'
[3.155s] Level 1:colcon.colcon_core.package_identification:_identify(log) ignored
[3.155s] Level 1:colcon.colcon_core.package_identification:_identify(src) by extensions ['ignore', 'ignore_ament_install']
[3.155s] Level 1:colcon.colcon_core.package_identification:_identify(src) by extension 'ignore'
[3.155s] Level 1:colcon.colcon_core.package_identification:_identify(src) by extension 'ignore_ament_install'
[3.155s] Level 1:colcon.colcon_core.package_identification:_identify(src) by extensions ['colcon_pkg']
[3.155s] Level 1:colcon.colcon_core.package_identification:_identify(src) by extension 'colcon_pkg'
[3.155s] Level 1:colcon.colcon_core.package_identification:_identify(src) by extensions ['colcon_meta']
[3.155s] Level 1:colcon.colcon_core.package_identification:_identify(src) by extension 'colcon_meta'
[3.155s] Level 1:colcon.colcon_core.package_identification:_identify(src) by extensions ['ros']
[3.155s] Level 1:colcon.colcon_core.package_identification:_identify(src) by extension 'ros'
[3.155s] Level 1:colcon.colcon_core.package_identification:_identify(src) by extensions ['cmake', 'python']
[3.155s] Level 1:colcon.colcon_core.package_identification:_identify(src) by extension 'cmake'
[3.155s] Level 1:colcon.colcon_core.package_identification:_identify(src) by extension 'python'
[3.155s] Level 1:colcon.colcon_core.package_identification:_identify(src) by extensions ['python_setup_py']
[3.155s] Level 1:colcon.colcon_core.package_identification:_identify(src) by extension 'python_setup_py'
[3.156s] Level 1:colcon.colcon_core.package_identification:_identify(src/optitrack_publisher) by extensions ['ignore', 'ignore_ament_install']
[3.156s] Level 1:colcon.colcon_core.package_identification:_identify(src/optitrack_publisher) by extension 'ignore'
[3.156s] Level 1:colcon.colcon_core.package_identification:_identify(src/optitrack_publisher) by extension 'ignore_ament_install'
[3.156s] Level 1:colcon.colcon_core.package_identification:_identify(src/optitrack_publisher) by extensions ['colcon_pkg']
[3.156s] Level 1:colcon.colcon_core.package_identification:_identify(src/optitrack_publisher) by extension 'colcon_pkg'
[3.156s] Level 1:colcon.colcon_core.package_identification:_identify(src/optitrack_publisher) by extensions ['colcon_meta']
[3.156s] Level 1:colcon.colcon_core.package_identification:_identify(src/optitrack_publisher) by extension 'colcon_meta'
[3.156s] Level 1:colcon.colcon_core.package_identification:_identify(src/optitrack_publisher) by extensions ['ros']
[3.156s] Level 1:colcon.colcon_core.package_identification:_identify(src/optitrack_publisher) by extension 'ros'
[3.159s] DEBUG:colcon.colcon_core.package_identification:Package 'src/optitrack_publisher' with type 'ros.ament_python' and name 'my_package'
[3.159s] Level 1:colcon.colcon_core.package_discovery:discover_packages(recursive) using defaults
[3.159s] Level 1:colcon.colcon_core.package_discovery:discover_packages(ignore) discover
[3.159s] Level 1:colcon.colcon_core.package_discovery:discover_packages(ignore) using defaults
[3.159s] Level 1:colcon.colcon_core.package_discovery:discover_packages(path) discover
[3.159s] Level 1:colcon.colcon_core.package_discovery:discover_packages(path) using defaults
[3.459s] Level 1:colcon.colcon_core.package_discovery:discover_packages(prefix_path) check parameters
[3.459s] Level 1:colcon.colcon_core.package_discovery:discover_packages(prefix_path) discover
[3.579s] DEBUG:colcon.colcon_installed_package_information.package_discovery:Found 260 installed packages in /opt/ros/foxy
[3.641s] DEBUG:colcon.colcon_installed_package_information.package_discovery:Found 1 installed packages in /opt/ros/noetic
[3.641s] Level 1:colcon.colcon_core.package_discovery:discover_packages(prefix_path) using defaults
[3.827s] Level 5:colcon.colcon_core.verb:set package 'my_package' build argument 'cmake_args' from command line to 'None'
[3.828s] Level 5:colcon.colcon_core.verb:set package 'my_package' build argument 'cmake_target' from command line to 'None'
[3.828s] Level 5:colcon.colcon_core.verb:set package 'my_package' build argument 'cmake_target_skip_unavailable' from command line to 'False'
[3.828s] Level 5:colcon.colcon_core.verb:set package 'my_package' build argument 'cmake_clean_cache' from command line to 'False'
[3.828s] Level 5:colcon.colcon_core.verb:set package 'my_package' build argument 'cmake_clean_first' from command line to 'False'
[3.828s] Level 5:colcon.colcon_core.verb:set package 'my_package' build argument 'cmake_force_configure' from command line to 'False'
[3.828s] Level 5:colcon.colcon_core.verb:set package 'my_package' build argument 'ament_cmake_args' from command line to 'None'
[3.828s] Level 5:colcon.colcon_core.verb:set package 'my_package' build argument 'catkin_cmake_args' from command line to 'None'
[3.828s] Level 5:colcon.colcon_core.verb:set package 'my_package' build argument 'catkin_skip_building_tests' from command line to 'False'
[3.828s] DEBUG:colcon.colcon_core.verb:Building package 'my_package' with the following arguments: {'ament_cmake_args': None, 'build_base': '/home/bonato/Documents/Optitrack_ROS2/ros2_ws/build/my_package', 'catkin_cmake_args': None, 'catkin_skip_building_tests': False, 'cmake_args': None, 'cmake_clean_cache': False, 'cmake_clean_first': False, 'cmake_force_configure': False, 'cmake_target': None, 'cmake_target_skip_unavailable': False, 'install_base': '/home/bonato/Documents/Optitrack_ROS2/ros2_ws/install/my_package', 'merge_install': False, 'path': '/home/bonato/Documents/Optitrack_ROS2/ros2_ws/src/optitrack_publisher', 'symlink_install': False, 'test_result_base': None}
[3.877s] INFO:colcon.colcon_core.executor:Executing jobs using 'parallel' executor
[3.929s] DEBUG:colcon.colcon_parallel_executor.executor.parallel:run_until_complete
[3.929s] INFO:colcon.colcon_ros.task.ament_python.build:Building ROS package in '/home/bonato/Documents/Optitrack_ROS2/ros2_ws/src/optitrack_publisher' with build type 'ament_python'
[3.929s] Level 1:colcon.colcon_core.shell:create_environment_hook('my_package', 'ament_prefix_path')
[3.984s] INFO:colcon.colcon_core.plugin_system:Skipping extension 'colcon_core.shell.bat': Not used on non-Windows systems
[3.984s] INFO:colcon.colcon_core.shell:Creating environment hook '/home/bonato/Documents/Optitrack_ROS2/ros2_ws/install/my_package/share/my_package/hook/ament_prefix_path.ps1'
[3.984s] INFO:colcon.colcon_core.shell:Creating environment descriptor '/home/bonato/Documents/Optitrack_ROS2/ros2_ws/install/my_package/share/my_package/hook/ament_prefix_path.dsv'
[3.985s] INFO:colcon.colcon_core.shell:Creating environment hook '/home/bonato/Documents/Optitrack_ROS2/ros2_ws/install/my_package/share/my_package/hook/ament_prefix_path.sh'
[4.043s] INFO:colcon.colcon_core.shell:Skip shell extension 'powershell' for command environment: Not usable outside of PowerShell
[4.043s] DEBUG:colcon.colcon_core.shell:Skip shell extension 'dsv' for command environment
[4.468s] INFO:colcon.colcon_core.task.python.build:Building Python package in '/home/bonato/Documents/Optitrack_ROS2/ros2_ws/src/optitrack_publisher'
[4.523s] INFO:colcon.colcon_core.shell:Skip shell extension 'powershell' for command environment: Not usable outside of PowerShell
[4.524s] DEBUG:colcon.colcon_core.shell:Skip shell extension 'dsv' for command environment
[5.125s] DEBUG:colcon.colcon_core.event_handler.log_command:Invoking command in '/home/bonato/Documents/Optitrack_ROS2/ros2_ws/src/optitrack_publisher': PYTHONPATH=/home/bonato/Documents/Optitrack_ROS2/ros2_ws/build/my_package/prefix_override:/home/bonato/Documents/Optitrack_ROS2/ros2_ws/install/my_package/lib/python3.8/site-packages:${PYTHONPATH} /usr/bin/python3 setup.py egg_info --egg-base ../../build/my_package build --build-base /home/bonato/Documents/Optitrack_ROS2/ros2_ws/build/my_package/build install --record /home/bonato/Documents/Optitrack_ROS2/ros2_ws/build/my_package/install.log --install-scripts $base/lib/my_package --single-version-externally-managed
[5.475s] DEBUG:colcon.colcon_core.event_handler.log_command:Invoked command in '/home/bonato/Documents/Optitrack_ROS2/ros2_ws/src/optitrack_publisher' returned '0': PYTHONPATH=/home/bonato/Documents/Optitrack_ROS2/ros2_ws/build/my_package/prefix_override:/home/bonato/Documents/Optitrack_ROS2/ros2_ws/install/my_package/lib/python3.8/site-packages:${PYTHONPATH} /usr/bin/python3 setup.py egg_info --egg-base ../../build/my_package build --build-base /home/bonato/Documents/Optitrack_ROS2/ros2_ws/build/my_package/build install --record /home/bonato/Documents/Optitrack_ROS2/ros2_ws/build/my_package/install.log --install-scripts $base/lib/my_package --single-version-externally-managed
[5.537s] Level 1:colcon.colcon_core.environment:checking '/home/bonato/Documents/Optitrack_ROS2/ros2_ws/install/my_package' for CMake module files
[5.537s] Level 1:colcon.colcon_core.environment:checking '/home/bonato/Documents/Optitrack_ROS2/ros2_ws/install/my_package' for CMake config files
[5.538s] Level 1:colcon.colcon_core.environment:checking '/home/bonato/Documents/Optitrack_ROS2/ros2_ws/install/my_package/lib'
[5.538s] Level 1:colcon.colcon_core.environment:checking '/home/bonato/Documents/Optitrack_ROS2/ros2_ws/install/my_package/bin'
[5.538s] Level 1:colcon.colcon_core.environment:checking '/home/bonato/Documents/Optitrack_ROS2/ros2_ws/install/my_package/lib/pkgconfig/my_package.pc'
[5.539s] Level 1:colcon.colcon_core.environment:checking '/home/bonato/Documents/Optitrack_ROS2/ros2_ws/install/my_package/lib/python3.8/site-packages'
[5.539s] Level 1:colcon.colcon_core.shell:create_environment_hook('my_package', 'pythonpath')
[5.592s] INFO:colcon.colcon_core.shell:Creating environment hook '/home/bonato/Documents/Optitrack_ROS2/ros2_ws/install/my_package/share/my_package/hook/pythonpath.ps1'
[5.593s] INFO:colcon.colcon_core.shell:Creating environment descriptor '/home/bonato/Documents/Optitrack_ROS2/ros2_ws/install/my_package/share/my_package/hook/pythonpath.dsv'
[5.593s] INFO:colcon.colcon_core.shell:Creating environment hook '/home/bonato/Documents/Optitrack_ROS2/ros2_ws/install/my_package/share/my_package/hook/pythonpath.sh'
[5.594s] Level 1:colcon.colcon_core.environment:checking '/home/bonato/Documents/Optitrack_ROS2/ros2_ws/install/my_package/bin'
[5.594s] Level 1:colcon.colcon_core.environment:create_environment_scripts_only(my_package)
[5.653s] INFO:colcon.colcon_core.shell:Creating package script '/home/bonato/Documents/Optitrack_ROS2/ros2_ws/install/my_package/share/my_package/package.ps1'
[5.654s] INFO:colcon.colcon_core.shell:Creating package descriptor '/home/bonato/Documents/Optitrack_ROS2/ros2_ws/install/my_package/share/my_package/package.dsv'
[5.654s] INFO:colcon.colcon_core.shell:Creating package script '/home/bonato/Documents/Optitrack_ROS2/ros2_ws/install/my_package/share/my_package/package.sh'
[5.655s] INFO:colcon.colcon_core.shell:Creating package script '/home/bonato/Documents/Optitrack_ROS2/ros2_ws/install/my_package/share/my_package/package.bash'
[5.656s] INFO:colcon.colcon_core.shell:Creating package script '/home/bonato/Documents/Optitrack_ROS2/ros2_ws/install/my_package/share/my_package/package.zsh'
[5.656s] Level 1:colcon.colcon_core.environment:create_file_with_runtime_dependencies(/home/bonato/Documents/Optitrack_ROS2/ros2_ws/install/my_package/share/colcon-core/packages/my_package)
[5.657s] DEBUG:colcon.colcon_parallel_executor.executor.parallel:closing loop
[5.657s] DEBUG:colcon.colcon_parallel_executor.executor.parallel:loop closed
[5.657s] DEBUG:colcon.colcon_parallel_executor.executor.parallel:run_until_complete finished with '0'
[5.657s] DEBUG:colcon.colcon_core.event_reactor:joining thread
[5.725s] INFO:colcon.colcon_core.plugin_system:Skipping extension 'colcon_notification.desktop_notification.terminal_notifier': Not used on non-Darwin systems
[5.725s] INFO:colcon.colcon_core.plugin_system:Skipping extension 'colcon_notification.desktop_notification.win32': Not used on non-Windows systems
[5.725s] INFO:colcon.colcon_notification.desktop_notification:Sending desktop notification using 'notify2'
[5.738s] DEBUG:colcon.colcon_core.event_reactor:joined thread
[5.793s] INFO:colcon.colcon_core.shell:Creating prefix script '/home/bonato/Documents/Optitrack_ROS2/ros2_ws/install/local_setup.ps1'
[5.794s] INFO:colcon.colcon_core.shell:Creating prefix util module '/home/bonato/Documents/Optitrack_ROS2/ros2_ws/install/_local_setup_util_ps1.py'
[5.795s] INFO:colcon.colcon_core.shell:Creating prefix chain script '/home/bonato/Documents/Optitrack_ROS2/ros2_ws/install/setup.ps1'
[5.846s] INFO:colcon.colcon_core.shell:Creating prefix script '/home/bonato/Documents/Optitrack_ROS2/ros2_ws/install/local_setup.sh'
[5.847s] INFO:colcon.colcon_core.shell:Creating prefix util module '/home/bonato/Documents/Optitrack_ROS2/ros2_ws/install/_local_setup_util_sh.py'
[5.847s] INFO:colcon.colcon_core.shell:Creating prefix chain script '/home/bonato/Documents/Optitrack_ROS2/ros2_ws/install/setup.sh'
[5.902s] INFO:colcon.colcon_core.shell:Creating prefix script '/home/bonato/Documents/Optitrack_ROS2/ros2_ws/install/local_setup.bash'
[5.902s] INFO:colcon.colcon_core.shell:Creating prefix chain script '/home/bonato/Documents/Optitrack_ROS2/ros2_ws/install/setup.bash'
[5.954s] INFO:colcon.colcon_core.shell:Creating prefix script '/home/bonato/Documents/Optitrack_ROS2/ros2_ws/install/local_setup.zsh'
[5.955s] INFO:colcon.colcon_core.shell:Creating prefix chain script '/home/bonato/Documents/Optitrack_ROS2/ros2_ws/install/setup.zsh'
