[1.196s] Invoking command in '/home/bonato/Documents/Optitrack_ROS2/ros2_ws/src/optitrack_publisher': PYTHONPATH=/home/bonato/Documents/Optitrack_ROS2/ros2_ws/build/my_package/prefix_override:/home/bonato/Documents/Optitrack_ROS2/ros2_ws/install/my_package/lib/python3.8/site-packages:${PYTHONPATH} /usr/bin/python3 setup.py egg_info --egg-base ../../build/my_package build --build-base /home/bonato/Documents/Optitrack_ROS2/ros2_ws/build/my_package/build install --record /home/bonato/Documents/Optitrack_ROS2/ros2_ws/build/my_package/install.log --install-scripts $base/lib/my_package --single-version-externally-managed
[1.440s] running egg_info
[1.440s] creating ../../build/my_package/my_package.egg-info
[1.440s] writing ../../build/my_package/my_package.egg-info/PKG-INFO
[1.441s] writing dependency_links to ../../build/my_package/my_package.egg-info/dependency_links.txt
[1.441s] writing entry points to ../../build/my_package/my_package.egg-info/entry_points.txt
[1.441s] writing requirements to ../../build/my_package/my_package.egg-info/requires.txt
[1.441s] writing top-level names to ../../build/my_package/my_package.egg-info/top_level.txt
[1.444s] writing manifest file '../../build/my_package/my_package.egg-info/SOURCES.txt'
[1.475s] reading manifest file '../../build/my_package/my_package.egg-info/SOURCES.txt'
[1.476s] writing manifest file '../../build/my_package/my_package.egg-info/SOURCES.txt'
[1.476s] running build
[1.476s] running build_py
[1.476s] creating /home/bonato/Documents/Optitrack_ROS2/ros2_ws/build/my_package/build
[1.476s] creating /home/bonato/Documents/Optitrack_ROS2/ros2_ws/build/my_package/build/lib
[1.476s] creating /home/bonato/Documents/Optitrack_ROS2/ros2_ws/build/my_package/build/lib/my_package
[1.477s] copying my_package/__init__.py -> /home/bonato/Documents/Optitrack_ROS2/ros2_ws/build/my_package/build/lib/my_package
[1.477s] running install
[1.477s] running install_lib
[1.478s] creating /home/bonato/Documents/Optitrack_ROS2/ros2_ws/install/my_package/lib/python3.8/site-packages/my_package
[1.478s] copying /home/bonato/Documents/Optitrack_ROS2/ros2_ws/build/my_package/build/lib/my_package/__init__.py -> /home/bonato/Documents/Optitrack_ROS2/ros2_ws/install/my_package/lib/python3.8/site-packages/my_package
[1.478s] byte-compiling /home/bonato/Documents/Optitrack_ROS2/ros2_ws/install/my_package/lib/python3.8/site-packages/my_package/__init__.py to __init__.cpython-38.pyc
[1.479s] running install_data
[1.480s] creating /home/bonato/Documents/Optitrack_ROS2/ros2_ws/install/my_package/share/ament_index
[1.480s] creating /home/bonato/Documents/Optitrack_ROS2/ros2_ws/install/my_package/share/ament_index/resource_index
[1.480s] creating /home/bonato/Documents/Optitrack_ROS2/ros2_ws/install/my_package/share/ament_index/resource_index/packages
[1.480s] copying resource/my_package -> /home/bonato/Documents/Optitrack_ROS2/ros2_ws/install/my_package/share/ament_index/resource_index/packages
[1.480s] copying package.xml -> /home/bonato/Documents/Optitrack_ROS2/ros2_ws/install/my_package/share/my_package
[1.480s] running install_egg_info
[1.482s] Copying ../../build/my_package/my_package.egg-info to /home/bonato/Documents/Optitrack_ROS2/ros2_ws/install/my_package/lib/python3.8/site-packages/my_package-0.0.0-py3.8.egg-info
[1.482s] running install_scripts
[1.497s] writing list of installed files to '/home/bonato/Documents/Optitrack_ROS2/ros2_ws/build/my_package/install.log'
[1.514s] Invoked command in '/home/bonato/Documents/Optitrack_ROS2/ros2_ws/src/optitrack_publisher' returned '0': PYTHONPATH=/home/bonato/Documents/Optitrack_ROS2/ros2_ws/build/my_package/prefix_override:/home/bonato/Documents/Optitrack_ROS2/ros2_ws/install/my_package/lib/python3.8/site-packages:${PYTHONPATH} /usr/bin/python3 setup.py egg_info --egg-base ../../build/my_package build --build-base /home/bonato/Documents/Optitrack_ROS2/ros2_ws/build/my_package/build install --record /home/bonato/Documents/Optitrack_ROS2/ros2_ws/build/my_package/install.log --install-scripts $base/lib/my_package --single-version-externally-managed
